<?xml version="1.0" encoding="UTF-8"?>
<testsuites name="jest tests" tests="50" failures="2" time="24.93">
  <testsuite name="Utilities unit tests" errors="0" failures="0" skipped="0" timestamp="2020-04-13T06:52:13" time="3.797" tests="2">
    <testcase classname="Utilities unit tests Comparing password" name="Utilities unit tests Comparing password" time="0.185">
    </testcase>
    <testcase classname="Utilities unit tests Test create authorization token" name="Utilities unit tests Test create authorization token" time="0.005">
    </testcase>
  </testsuite>
  <testsuite name="Create todo by user id test suite" errors="0" failures="1" skipped="0" timestamp="2020-04-13T06:52:13" time="14.54" tests="8">
    <testcase classname="Create todo by user id test suite Test create todo basically" name="Create todo by user id test suite Test create todo basically" time="0.11">
    </testcase>
    <testcase classname="Create todo by user id test suite Test create todo with undefined fields" name="Create todo by user id test suite Test create todo with undefined fields" time="0.001">
    </testcase>
    <testcase classname="Find todo test suite Test list all todos" name="Find todo test suite Test list all todos" time="0.014">
    </testcase>
    <testcase classname="Find todo test suite Test list all todos of user" name="Find todo test suite Test list all todos of user" time="0.003">
    </testcase>
    <testcase classname="Find todo test suite Test find todo of user by id" name="Find todo test suite Test find todo of user by id" time="0.006">
      <failure>TypeError: Cannot read property &apos;_id&apos; of null
    at Object.&lt;anonymous&gt; (D:\Work\JS\NodeJS\PYCO-nodejs-hapi\test\models\todoModel.test.js:78:25)
    at processTicksAndRejections (internal/process/task_queues.js:93:5)</failure>
    </testcase>
    <testcase classname="Find todo test suite Test find todo with undefined id" name="Find todo test suite Test find todo with undefined id" time="0.004">
    </testcase>
    <testcase classname="Update todo test suite Test update todo" name="Update todo test suite Test update todo" time="0.002">
    </testcase>
    <testcase classname="Delete todo test suite Test delete todo" name="Delete todo test suite Test delete todo" time="0.003">
    </testcase>
  </testsuite>
  <testsuite name="Create todo by user id service test suite" errors="0" failures="1" skipped="0" timestamp="2020-04-13T06:52:13" time="14.623" tests="7">
    <testcase classname="Create todo by user id service test suite Test create todo basically" name="Create todo by user id service test suite Test create todo basically" time="0.092">
    </testcase>
    <testcase classname="Find todo service test suite Test get all todos" name="Find todo service test suite Test get all todos" time="0.012">
    </testcase>
    <testcase classname="Find todo service test suite Test get all todos of user" name="Find todo service test suite Test get all todos of user" time="0.002">
    </testcase>
    <testcase classname="Find todo service test suite Test find todo of user by id" name="Find todo service test suite Test find todo of user by id" time="0.004">
      <failure>TypeError: Cannot read property &apos;_id&apos; of null
    at Object.&lt;anonymous&gt; (D:\Work\JS\NodeJS\PYCO-nodejs-hapi\test\services\todoService.test.js:63:25)
    at processTicksAndRejections (internal/process/task_queues.js:93:5)</failure>
    </testcase>
    <testcase classname="Find todo service test suite Test find todo with undefined id" name="Find todo service test suite Test find todo with undefined id" time="0.003">
    </testcase>
    <testcase classname="Update todo test suite Test update todo" name="Update todo test suite Test update todo" time="0.004">
    </testcase>
    <testcase classname="Delete todo test suite Test delete todo" name="Delete todo test suite Test delete todo" time="0.003">
    </testcase>
  </testsuite>
  <testsuite name="Create user test suite" errors="0" failures="0" skipped="0" timestamp="2020-04-13T06:52:13" time="14.641" tests="10">
    <testcase classname="Create user test suite Test create user basically" name="Create user test suite Test create user basically" time="0.125">
    </testcase>
    <testcase classname="Create user test suite Test create user with undefined fields" name="Create user test suite Test create user with undefined fields" time="0.059">
    </testcase>
    <testcase classname="Create user test suite Test create user without required field" name="Create user test suite Test create user without required field" time="0.059">
    </testcase>
    <testcase classname="Find user test suite Test list all user" name="Find user test suite Test list all user" time="0.013">
    </testcase>
    <testcase classname="Find user test suite Test find user by id" name="Find user test suite Test find user by id" time="0.006">
    </testcase>
    <testcase classname="Find user test suite Test find user with undefined id" name="Find user test suite Test find user with undefined id" time="0.003">
    </testcase>
    <testcase classname="Find user test suite Test find user by email" name="Find user test suite Test find user by email" time="0.004">
    </testcase>
    <testcase classname="Find user test suite Test find user with undefined email" name="Find user test suite Test find user with undefined email" time="0.002">
    </testcase>
    <testcase classname="Update user test suite Test update user" name="Update user test suite Test update user" time="0.003">
    </testcase>
    <testcase classname="Delete user test suite Test delete user" name="Delete user test suite Test delete user" time="0.002">
    </testcase>
  </testsuite>
  <testsuite name="Create user service test suite" errors="0" failures="0" skipped="0" timestamp="2020-04-13T06:52:13" time="18.761" tests="10">
    <testcase classname="Create user service test suite Test create user service" name="Create user service test suite Test create user service" time="0.123">
    </testcase>
    <testcase classname="Authorize service test suite Get user with valid token" name="Authorize service test suite Get user with valid token" time="0.019">
    </testcase>
    <testcase classname="Authorize service test suite Get user with invalid token" name="Authorize service test suite Get user with invalid token" time="0.003">
    </testcase>
    <testcase classname="Get user service test suite Test get all users service" name="Get user service test suite Test get all users service" time="0.02">
    </testcase>
    <testcase classname="Get user service test suite Test get user by id" name="Get user service test suite Test get user by id" time="0.008">
    </testcase>
    <testcase classname="Get user service test suite Test get user by email" name="Get user service test suite Test get user by email" time="0.008">
    </testcase>
    <testcase classname="Authenticate user service test suite Test authenticate service successfully" name="Authenticate user service test suite Test authenticate service successfully" time="0.092">
    </testcase>
    <testcase classname="Authenticate user service test suite Test authenticate service fail" name="Authenticate user service test suite Test authenticate service fail" time="0.067">
    </testcase>
    <testcase classname="Update user service test suite Test update user service" name="Update user service test suite Test update user service" time="0.003">
    </testcase>
    <testcase classname="Delete user service test suite Test delete user service" name="Delete user service test suite Test delete user service" time="0.002">
    </testcase>
  </testsuite>
  <testsuite name="Register user test suite" errors="0" failures="0" skipped="0" timestamp="2020-04-13T06:52:13" time="23.027" tests="13">
    <testcase classname="Register user test suite should return user info after registering" name="Register user test suite should return user info after registering" time="0.149">
    </testcase>
    <testcase classname="Register user test suite should return used email error cause this email was used" name="Register user test suite should return used email error cause this email was used" time="0.005">
    </testcase>
    <testcase classname="Get user test suite should return all users with isDeleted == false" name="Get user test suite should return all users with isDeleted == false" time="0.018">
    </testcase>
    <testcase classname="Get user test suite should return not existed error" name="Get user test suite should return not existed error" time="0.005">
    </testcase>
    <testcase classname="Get user test suite should return all users with isDeleted == false" name="Get user test suite should return all users with isDeleted == false" time="0.011">
    </testcase>
    <testcase classname="Get user test suite should return user" name="Get user test suite should return user" time="0.006">
    </testcase>
    <testcase classname="Get user test suite should return not existed error" name="Get user test suite should return not existed error" time="0.003">
    </testcase>
    <testcase classname="Login user test suite should return jwt token" name="Login user test suite should return jwt token" time="0.151">
    </testcase>
    <testcase classname="Login user test suite should return invalid email password error" name="Login user test suite should return invalid email password error" time="0.004">
    </testcase>
    <testcase classname="Update user test suite should return user after updating" name="Update user test suite should return user after updating" time="0.005">
    </testcase>
    <testcase classname="Update user test suite shoud return not found error" name="Update user test suite shoud return not found error" time="0.007">
    </testcase>
    <testcase classname="Delete user test suite should return user after deleting" name="Delete user test suite should return user after deleting" time="0.008">
    </testcase>
    <testcase classname="Delete user test suite shoud return not found error" name="Delete user test suite shoud return not found error" time="0.007">
    </testcase>
  </testsuite>
</testsuites>